<?xml version="1.0" encoding="UTF-8" ?>
<omega>
  <log>
    <date>Fri Sep 25 16:41:40 2020</date>
    <version>2020.08.19 (OMEGASource: c660945 Common: b1b60190)</version>
    <host>DESKTOP-EQH1J1J</host>
    <commandLine numArguments='7'>
      <argument>C:\OMEGA\OMEGA\omega.exe</argument>
      <argument>.\scudb.omi</argument>
      <argument>.\omegaOut</argument>
      <argument>-nc=1</argument>
      <argument>-nr=1</argument>
      <argument>-c=1</argument>
      <argument>-r=1</argument>
    </commandLine>
    <input fileref="C:\Users\yilma\PycharmProjects\pythonProject\scudb.omi"/>
    <output path="C:\Users\yilma\PycharmProjects\pythonProject" prefix="omegaOut"/>
    <cases>
      <case id="1" date="Fri Sep 25 16:41:40 2020">
        <runs>
          <run id="1" date="Fri Sep 25 16:41:40 2020">
            <dataset name="SCUDB"/>
            <timeHistoryOutput type="binary">C:\Users\yilma\PycharmProjects\pythonProject\omegaOutC1R1.dat</timeHistoryOutput>
            <eventsOutput type="xml">C:\Users\yilma\PycharmProjects\pythonProject\omegaOutC1R1_events.xml</eventsOutput>
            <consoleOutput>

              Case: 1     Run: 1
              -------------------------------------------------------
              SCUDB: Commencing aimpoint iteration.
              
              -------------------------------------------------------
              SCUDB: Aimpoint iteration complete.
              
              -------------------------------------------------------
              SCUDB: SSM player launched at time: 0
              
              SCUDB: conditional output: Launch occurred at 0 s.
              SCUDB: conditional output: Missile Liftoff occurred at 0.48 s.
              SCUDB:Autopilot  Thrust Termination
                 Time: 51.78 s after liftoff, 52.2575 s after launch.
                 True Velocity Magnitude: 1048.09 m/s
                 Range PIGA Reading: 1484.33 m/s
              
              SCUDB: Stage 1 main engine thrust terminated.
                Simulation time: 52.2575 sec.  TOF: 51.78 sec.  Velocity: 1048.09 m/s.
              SCUDB: conditional output: End Powered Flight occurred at 52.36 s.
              SCUDB: conditional output: RV Apogee occurred at 128.195 s.
              SCUDB: conditional output: RV Impact occurred at 203.272 s.
              SSM player SCUDB impacted at time: 203.272
              DCU Target rel position (m): [ 9.0498, -0.582057, -1.70594e-05 ]  9.0685
                Distance from launch (km): 118.427
                Impact azimuth (deg): 90.0003
                Impact velocity (m/s): 974.601
              
              End run for player: SCUDB
              
            </consoleOutput>
          </run>
        </runs>
        <endOfRunOutput type="binary">C:\Users\yilma\PycharmProjects\pythonProject\omegaOutC1_endOfRun.dat</endOfRunOutput>
        <endOfRunOutput type="ascii">C:\Users\yilma\PycharmProjects\pythonProject\omegaOutC1_endOfRun.asc</endOfRunOutput>
      </case>
    </cases>
    <elapsedTime>3.193</elapsedTime>
    <status complete="true" success="true"/>
  </log>
</omega>
